0 info it worked if it ends with ok
1 verbose cli [ '/usr/bin/node',
1 verbose cli   '/usr/bin/npm',
1 verbose cli   'publish',
1 verbose cli   './',
1 verbose cli   '--tag',
1 verbose cli   'beta' ]
2 info using npm@1.4.28
3 info using node@v0.10.38
4 verbose node symlink /usr/bin/node
5 verbose publish [ './' ]
6 verbose cache add [ './', null ]
7 verbose cache add name=undefined spec="./" args=["./",null]
8 verbose parsed url { protocol: null,
8 verbose parsed url   slashes: null,
8 verbose parsed url   auth: null,
8 verbose parsed url   host: null,
8 verbose parsed url   port: null,
8 verbose parsed url   hostname: null,
8 verbose parsed url   hash: null,
8 verbose parsed url   search: null,
8 verbose parsed url   query: null,
8 verbose parsed url   pathname: './',
8 verbose parsed url   path: './',
8 verbose parsed url   href: './' }
9 silly lockFile 0ee6c175- ./
10 verbose lock ./ /home/andfaulkner/.npm/0ee6c175-.lock
11 verbose tar pack [ '/home/andfaulkner/.npm/gulp-display-help/0.0.2/package.tgz',
11 verbose tar pack   './' ]
12 verbose tarball /home/andfaulkner/.npm/gulp-display-help/0.0.2/package.tgz
13 verbose folder ./
14 info prepublish gulp-display-help@0.0.2
15 silly lockFile 04cb2bca-tar tar://./
16 verbose lock tar://./ /home/andfaulkner/.npm/04cb2bca-tar.lock
17 silly lockFile e26b41df-p-display-help-0-0-2-package-tgz tar:///home/andfaulkner/.npm/gulp-display-help/0.0.2/package.tgz
18 verbose lock tar:///home/andfaulkner/.npm/gulp-display-help/0.0.2/package.tgz /home/andfaulkner/.npm/e26b41df-p-display-help-0-0-2-package-tgz.lock
19 silly lockFile 04cb2bca-tar tar://./
20 silly lockFile 04cb2bca-tar tar://./
21 silly lockFile e26b41df-p-display-help-0-0-2-package-tgz tar:///home/andfaulkner/.npm/gulp-display-help/0.0.2/package.tgz
22 silly lockFile e26b41df-p-display-help-0-0-2-package-tgz tar:///home/andfaulkner/.npm/gulp-display-help/0.0.2/package.tgz
23 silly lockFile e8569c44--gulp-display-help-0-0-2-package /home/andfaulkner/.npm/gulp-display-help/0.0.2/package
24 verbose lock /home/andfaulkner/.npm/gulp-display-help/0.0.2/package /home/andfaulkner/.npm/e8569c44--gulp-display-help-0-0-2-package.lock
25 silly lockFile e8569c44--gulp-display-help-0-0-2-package /home/andfaulkner/.npm/gulp-display-help/0.0.2/package
26 silly lockFile e8569c44--gulp-display-help-0-0-2-package /home/andfaulkner/.npm/gulp-display-help/0.0.2/package
27 silly lockFile 0ee6c175- ./
28 silly lockFile 0ee6c175- ./
29 silly publish { name: 'gulp-display-help',
29 silly publish   version: '0.0.2',
29 silly publish   description: ' Output beautiful custom help text for your gulp tasks and parameters ',
29 silly publish   main: 'index.js',
29 silly publish   scripts: { test: 'gulp help' },
29 silly publish   repository:
29 silly publish    { type: 'git',
29 silly publish      url: 'git+https://github.com/andfaulkner/gulp-display-help.git' },
29 silly publish   keywords:
29 silly publish    [ 'gulp',
29 silly publish      'help',
29 silly publish      'manual',
29 silly publish      'man',
29 silly publish      'console',
29 silly publish      'log',
29 silly publish      'helpfile',
29 silly publish      'faq',
29 silly publish      'gulpfile',
29 silly publish      'summary',
29 silly publish      'description' ],
29 silly publish   author: { name: 'Andrew Faulkner' },
29 silly publish   license: 'Apache 2.0',
29 silly publish   bugs: { url: 'https://github.com/andfaulkner/gulp-display-help/issues' },
29 silly publish   homepage: 'https://github.com/andfaulkner/gulp-display-help#readme',
29 silly publish   dependencies: { chalk: '^0.4.0', gulp: '^3.9.0', 'word-wrap': '^1.0.3' },
29 silly publish   devDependencies: { gulp: '^3.7.0' },
29 silly publish   _id: 'gulp-display-help@0.0.2',
29 silly publish   _from: './',
29 silly publish   _npmVersion: '2.8.4',
29 silly publish   _npmUser: { name: 'andfaulkner', email: 'andfaulkner@gmail.com' },
29 silly publish   maintainers: [ { name: 'Andrew Faulkner', email: 'andfaulkner@gmail.com' } ],
29 silly publish   readme: '# gulp-display-help\nOutput beautiful custom help text for your gulp tasks and parameters\n\nDisplay help text for your project\'s gulpfile.\n\nAllows display of help text for both tasks and environment flags.\n\n\n\nUsage\n\ngulp.task(\'help\', displayHelp(gulp.tasks [, descriptions, excludes, flagDescriptions])\n- gulp.tasks must always be the first parameter\n- descriptions is an object\n\n\nExample\n\n    var require(\'gulp-display-help\');\n\n    gulp.task(\'help\', gulp.tasks, displayHelp({\n    \n      //tasks\n      default: \'1) a) compiles app: converts NodeJS --> JS & concats it\' +\n               \'all libs into a single js file; b) compiles SCSS --> CSS;\' +\n               \' c)compiles html templates; d) grabs static resources; & \' +\n               \'e) copies everything used into build folder.\\n2)backs \' +\n               \'project up into separate local folder. \\n3) watches src \' +\n               \'folder for changes, & auto-recompiles when a change occurs\',\n                         \n\n      \'test\': \'run jasmine tests, launch & test in a js runtime env with karma;\',\n\n      \'backup\': \'Backs up src files into a local folder\',\n\n      \'help\': \'displays this help text\'\n    \n      //exclude these tasks\n      }, [_copy-images\', \'__watch\', \'__copy-libs\', \'compile-templates\'],  {\n\n      //gulp flags/parameters\n      "--production": \'production-ready compile: same as default with a few\' + \n                      \' changes: 1) \'comments, calls to js loggers, &\' + \n                      \' dev-only html blocks rm; 4) production-only blocks\' + \n                      \' of html uncommented; 5) css, js, & html minified; \' +\n                      \'  & 6) Static resources compressed.\',\n\n      \'--once\': \'runs the compile only once, without watching for subsequent changes\'\n\n      }));\n    \n\nFeatures automatic wrapping, indenting, and adjustment of definitions.\n\n',
29 silly publish   readmeFilename: 'README.md',
29 silly publish   gitHead: '80bef6e6aa3ffe91e42d7749cc1768bc26a84a87',
29 silly publish   _shasum: '90740c4acb85226571fe8f27ba9a43253a8e6208' }
30 verbose request where is /gulp-display-help
31 verbose request registry https://registry.npmjs.org/
32 verbose request id d203074988cec6f4
33 verbose url raw /gulp-display-help
34 verbose url resolving [ 'https://registry.npmjs.org/', './gulp-display-help' ]
35 verbose url resolved https://registry.npmjs.org/gulp-display-help
36 verbose request where is https://registry.npmjs.org/gulp-display-help
37 info trying registry request attempt 1 at 03:17:36
38 http PUT https://registry.npmjs.org/gulp-display-help
39 http 403 https://registry.npmjs.org/gulp-display-help
40 verbose headers { 'content-type': 'application/json',
40 verbose headers   'cache-control': 'max-age=60',
40 verbose headers   'content-length': '95',
40 verbose headers   'accept-ranges': 'bytes',
40 verbose headers   date: 'Mon, 22 Jun 2015 07:17:37 GMT',
40 verbose headers   via: '1.1 varnish',
40 verbose headers   connection: 'keep-alive',
40 verbose headers   'x-served-by': 'cache-ord1721-ORD',
40 verbose headers   'x-cache': 'MISS',
40 verbose headers   'x-cache-hits': '0',
40 verbose headers   'x-timer': 'S1434957452.499012,VS0,VE5284' }
41 error publish Failed PUT 403
42 error Error: "You cannot publish over the previously published version 0.0.2." : gulp-display-help
42 error     at RegClient.<anonymous> (/usr/lib/node_modules/npm/node_modules/npm-registry-client/lib/request.js:308:14)
42 error     at Request._callback (/usr/lib/node_modules/npm/node_modules/npm-registry-client/lib/request.js:246:65)
42 error     at Request.self.callback (/usr/lib/node_modules/npm/node_modules/request/request.js:236:22)
42 error     at Request.emit (events.js:98:17)
42 error     at Request.<anonymous> (/usr/lib/node_modules/npm/node_modules/request/request.js:1142:14)
42 error     at Request.emit (events.js:117:20)
42 error     at IncomingMessage.<anonymous> (/usr/lib/node_modules/npm/node_modules/request/request.js:1096:12)
42 error     at IncomingMessage.emit (events.js:117:20)
42 error     at _stream_readable.js:944:16
42 error     at process._tickCallback (node.js:448:13)
43 error If you need help, you may report this *entire* log,
43 error including the npm and node versions, at:
43 error     <http://github.com/npm/npm/issues>
44 error System Linux 3.13.0-37-generic
45 error command "/usr/bin/node" "/usr/bin/npm" "publish" "./" "--tag" "beta"
46 error cwd /home/andfaulkner/Projects/cordova/gulp-display-help
47 error node -v v0.10.38
48 error npm -v 1.4.28
49 verbose exit [ 1, true ]
